# JRE version: OpenJDK Runtime Environment Temurin-17.0.10+7 (17.0.10+7) (build 17.0.10+7)
# Java VM: OpenJDK 64-Bit Server VM Temurin-17.0.10+7 (17.0.10+7, mixed mode, tiered, compressed oops, compressed class ptrs, parallel gc, windows-amd64)
GC Precious Log:
 CPUs: 4 total, 4 available
 Memory: 8067M
 Large Page Support: Disabled
 NUMA Support: Disabled
 Compressed Oops: Enabled (32-bit)
 Alignments: Space 512K, Generation 512K, Heap 2M
 Heap Min Capacity: 100M
 Heap Initial Capacity: 100M
 Heap Max Capacity: 1G
 Pre-touch: Disabled
 Parallel Workers: 4
Heap:
 PSYoungGen      total 17920K, used 15386K [0x00000000eab00000, 0x00000000ebf00000, 0x0000000100000000)
  eden space 17408K, 85% used [0x00000000eab00000,0x00000000eb9898a0,0x00000000ebc00000)
  from space 512K, 97% used [0x00000000ebd80000,0x00000000ebdfd2a0,0x00000000ebe00000)
  to   space 1536K, 0% used [0x00000000ebc00000,0x00000000ebc00000,0x00000000ebd80000)
 ParOldGen       total 90112K, used 75248K [0x00000000c0000000, 0x00000000c5800000, 0x00000000eab00000)
  object space 90112K, 83% used [0x00000000c0000000,0x00000000c497c2d8,0x00000000c5800000)
 Metaspace       used 83890K, committed 85120K, reserved 1179648K
  class space    used 9855K, committed 10368K, reserved 1048576K
GC Heap History (20 events):
Event: 167.205 GC heap before
{Heap before GC invocations=94 (full 4):
 PSYoungGen      total 18944K, used 18944K [0x00000000eab00000, 0x00000000ec700000, 0x0000000100000000)
  eden space 17408K, 100% used [0x00000000eab00000,0x00000000ebc00000,0x00000000ebc00000)
  from space 1536K, 100% used [0x00000000ec080000,0x00000000ec200000,0x00000000ec200000)
  to   space 4608K, 0% used [0x00000000ebc00000,0x00000000ebc00000,0x00000000ec080000)
 ParOldGen       total 90112K, used 67534K [0x00000000c0000000, 0x00000000c5800000, 0x00000000eab00000)
  object space 90112K, 74% used [0x00000000c0000000,0x00000000c41f3938,0x00000000c5800000)
 Metaspace       used 76792K, committed 78016K, reserved 1179648K
  class space    used 9146K, committed 9728K, reserved 1048576K
}
Event: 167.209 GC heap after
{Heap after GC invocations=94 (full 4):
 PSYoungGen      total 19456K, used 1600K [0x00000000eab00000, 0x00000000ec100000, 0x0000000100000000)
  eden space 17408K, 0% used [0x00000000eab00000,0x00000000eab00000,0x00000000ebc00000)
  from space 2048K, 78% used [0x00000000ebc00000,0x00000000ebd90000,0x00000000ebe00000)
  to   space 2560K, 0% used [0x00000000ebe80000,0x00000000ebe80000,0x00000000ec100000)
 ParOldGen       total 90112K, used 69086K [0x00000000c0000000, 0x00000000c5800000, 0x00000000eab00000)
  object space 90112K, 76% used [0x00000000c0000000,0x00000000c4377938,0x00000000c5800000)
 Metaspace       used 76792K, committed 78016K, reserved 1179648K
  class space    used 9146K, committed 9728K, reserved 1048576K
}
Event: 168.031 GC heap before
{Heap before GC invocations=95 (full 4):
 PSYoungGen      total 19456K, used 19008K [0x00000000eab00000, 0x00000000ec100000, 0x0000000100000000)
  eden space 17408K, 100% used [0x00000000eab00000,0x00000000ebc00000,0x00000000ebc00000)
  from space 2048K, 78% used [0x00000000ebc00000,0x00000000ebd90000,0x00000000ebe00000)
  to   space 2560K, 0% used [0x00000000ebe80000,0x00000000ebe80000,0x00000000ec100000)
 ParOldGen       total 90112K, used 69086K [0x00000000c0000000, 0x00000000c5800000, 0x00000000eab00000)
  object space 90112K, 76% used [0x00000000c0000000,0x00000000c4377938,0x00000000c5800000)
 Metaspace       used 76977K, committed 78208K, reserved 1179648K
  class space    used 9160K, committed 9728K, reserved 1048576K
}
Event: 168.035 GC heap after
{Heap after GC invocations=95 (full 4):
 PSYoungGen      total 18432K, used 752K [0x00000000eab00000, 0x00000000ebf80000, 0x0000000100000000)
  eden space 17408K, 0% used [0x00000000eab00000,0x00000000eab00000,0x00000000ebc00000)
  from space 1024K, 73% used [0x00000000ebe80000,0x00000000ebf3c010,0x00000000ebf80000)
  to   space 1536K, 0% used [0x00000000ebc80000,0x00000000ebc80000,0x00000000ebe00000)
 ParOldGen       total 90112K, used 70646K [0x00000000c0000000, 0x00000000c5800000, 0x00000000eab00000)
  object space 90112K, 78% used [0x00000000c0000000,0x00000000c44fd938,0x00000000c5800000)
 Metaspace       used 76977K, committed 78208K, reserved 1179648K
  class space    used 9160K, committed 9728K, reserved 1048576K
}
Event: 245.051 GC heap before
{Heap before GC invocations=96 (full 4):
 PSYoungGen      total 18432K, used 18160K [0x00000000eab00000, 0x00000000ebf80000, 0x0000000100000000)
  eden space 17408K, 100% used [0x00000000eab00000,0x00000000ebc00000,0x00000000ebc00000)
  from space 1024K, 73% used [0x00000000ebe80000,0x00000000ebf3c010,0x00000000ebf80000)
  to   space 1536K, 0% used [0x00000000ebc80000,0x00000000ebc80000,0x00000000ebe00000)
 ParOldGen       total 90112K, used 70646K [0x00000000c0000000, 0x00000000c5800000, 0x00000000eab00000)
  object space 90112K, 78% used [0x00000000c0000000,0x00000000c44fd938,0x00000000c5800000)
 Metaspace       used 77409K, committed 78592K, reserved 1179648K
  class space    used 9212K, committed 9728K, reserved 1048576K
}
Event: 245.053 GC heap after
{Heap after GC invocations=96 (full 4):
 PSYoungGen      total 18944K, used 352K [0x00000000eab00000, 0x00000000ebf00000, 0x0000000100000000)
  eden space 17408K, 0% used [0x00000000eab00000,0x00000000eab00000,0x00000000ebc00000)
  from space 1536K, 22% used [0x00000000ebc80000,0x00000000ebcd8040,0x00000000ebe00000)
  to   space 1024K, 0% used [0x00000000ebe00000,0x00000000ebe00000,0x00000000ebf00000)
 ParOldGen       total 90112K, used 71182K [0x00000000c0000000, 0x00000000c5800000, 0x00000000eab00000)
  object space 90112K, 78% used [0x00000000c0000000,0x00000000c4583938,0x00000000c5800000)
 Metaspace       used 77409K, committed 78592K, reserved 1179648K
  class space    used 9212K, committed 9728K, reserved 1048576K
}
Event: 593.639 GC heap before
{Heap before GC invocations=97 (full 4):
 PSYoungGen      total 18944K, used 17760K [0x00000000eab00000, 0x00000000ebf00000, 0x0000000100000000)
  eden space 17408K, 100% used [0x00000000eab00000,0x00000000ebc00000,0x00000000ebc00000)
  from space 1536K, 22% used [0x00000000ebc80000,0x00000000ebcd8040,0x00000000ebe00000)
  to   space 1024K, 0% used [0x00000000ebe00000,0x00000000ebe00000,0x00000000ebf00000)
 ParOldGen       total 90112K, used 71182K [0x00000000c0000000, 0x00000000c5800000, 0x00000000eab00000)
  object space 90112K, 78% used [0x00000000c0000000,0x00000000c4583938,0x00000000c5800000)
 Metaspace       used 77583K, committed 78784K, reserved 1179648K
  class space    used 9233K, committed 9792K, reserved 1048576K
}
Event: 593.642 GC heap after
{Heap after GC invocations=97 (full 4):
 PSYoungGen      total 17920K, used 128K [0x00000000eab00000, 0x00000000ebe80000, 0x0000000100000000)
  eden space 17408K, 0% used [0x00000000eab00000,0x00000000eab00000,0x00000000ebc00000)
  from space 512K, 25% used [0x00000000ebe00000,0x00000000ebe20000,0x00000000ebe80000)
  to   space 512K, 0% used [0x00000000ebd80000,0x00000000ebd80000,0x00000000ebe00000)
 ParOldGen       total 90112K, used 71475K [0x00000000c0000000, 0x00000000c5800000, 0x00000000eab00000)
  object space 90112K, 79% used [0x00000000c0000000,0x00000000c45ccdf8,0x00000000c5800000)
 Metaspace       used 77583K, committed 78784K, reserved 1179648K
  class space    used 9233K, committed 9792K, reserved 1048576K
}
Event: 594.288 GC heap before
{Heap before GC invocations=98 (full 4):
 PSYoungGen      total 17920K, used 17536K [0x00000000eab00000, 0x00000000ebe80000, 0x0000000100000000)
  eden space 17408K, 100% used [0x00000000eab00000,0x00000000ebc00000,0x00000000ebc00000)
  from space 512K, 25% used [0x00000000ebe00000,0x00000000ebe20000,0x00000000ebe80000)
  to   space 512K, 0% used [0x00000000ebd80000,0x00000000ebd80000,0x00000000ebe00000)
 ParOldGen       total 90112K, used 71475K [0x00000000c0000000, 0x00000000c5800000, 0x00000000eab00000)
  object space 90112K, 79% used [0x00000000c0000000,0x00000000c45ccdf8,0x00000000c5800000)
 Metaspace       used 78411K, committed 79616K, reserved 1179648K
  class space    used 9305K, committed 9856K, reserved 1048576K
}
Event: 594.291 GC heap after
{Heap after GC invocations=98 (full 4):
 PSYoungGen      total 17920K, used 497K [0x00000000eab00000, 0x00000000ebf00000, 0x0000000100000000)
  eden space 17408K, 0% used [0x00000000eab00000,0x00000000eab00000,0x00000000ebc00000)
  from space 512K, 97% used [0x00000000ebd80000,0x00000000ebdfc6f0,0x00000000ebe00000)
  to   space 1024K, 0% used [0x00000000ebe00000,0x00000000ebe00000,0x00000000ebf00000)
 ParOldGen       total 90112K, used 72112K [0x00000000c0000000, 0x00000000c5800000, 0x00000000eab00000)
  object space 90112K, 80% used [0x00000000c0000000,0x00000000c466c370,0x00000000c5800000)
 Metaspace       used 78411K, committed 79616K, reserved 1179648K
  class space    used 9305K, committed 9856K, reserved 1048576K
}
Event: 594.500 GC heap before
{Heap before GC invocations=99 (full 4):
 PSYoungGen      total 17920K, used 17856K [0x00000000eab00000, 0x00000000ebf00000, 0x0000000100000000)
  eden space 17408K, 99% used [0x00000000eab00000,0x00000000ebbf39e0,0x00000000ebc00000)
  from space 512K, 97% used [0x00000000ebd80000,0x00000000ebdfc6f0,0x00000000ebe00000)
  to   space 1024K, 0% used [0x00000000ebe00000,0x00000000ebe00000,0x00000000ebf00000)
 ParOldGen       total 90112K, used 72112K [0x00000000c0000000, 0x00000000c5800000, 0x00000000eab00000)
  object space 90112K, 80% used [0x00000000c0000000,0x00000000c466c370,0x00000000c5800000)
 Metaspace       used 78431K, committed 79616K, reserved 1179648K
  class space    used 9305K, committed 9856K, reserved 1048576K
}
Event: 594.505 GC heap after
{Heap after GC invocations=99 (full 4):
 PSYoungGen      total 18432K, used 1005K [0x00000000eab00000, 0x00000000ec000000, 0x0000000100000000)
  eden space 17408K, 0% used [0x00000000eab00000,0x00000000eab00000,0x00000000ebc00000)
  from space 1024K, 98% used [0x00000000ebe00000,0x00000000ebefb538,0x00000000ebf00000)
  to   space 2048K, 0% used [0x00000000ebc00000,0x00000000ebc00000,0x00000000ebe00000)
 ParOldGen       total 90112K, used 72771K [0x00000000c0000000, 0x00000000c5800000, 0x00000000eab00000)
  object space 90112K, 80% used [0x00000000c0000000,0x00000000c4710fd8,0x00000000c5800000)
 Metaspace       used 78431K, committed 79616K, reserved 1179648K
  class space    used 9305K, committed 9856K, reserved 1048576K
}
Event: 595.264 GC heap before
{Heap before GC invocations=100 (full 4):
 PSYoungGen      total 18432K, used 18413K [0x00000000eab00000, 0x00000000ec000000, 0x0000000100000000)
  eden space 17408K, 100% used [0x00000000eab00000,0x00000000ebc00000,0x00000000ebc00000)
  from space 1024K, 98% used [0x00000000ebe00000,0x00000000ebefb538,0x00000000ebf00000)
  to   space 2048K, 0% used [0x00000000ebc00000,0x00000000ebc00000,0x00000000ebe00000)
 ParOldGen       total 90112K, used 72771K [0x00000000c0000000, 0x00000000c5800000, 0x00000000eab00000)
  object space 90112K, 80% used [0x00000000c0000000,0x00000000c4710fd8,0x00000000c5800000)
 Metaspace       used 80118K, committed 81344K, reserved 1179648K
  class space    used 9456K, committed 9984K, reserved 1048576K
}
Event: 595.266 GC heap after
{Heap after GC invocations=100 (full 4):
 PSYoungGen      total 17920K, used 160K [0x00000000eab00000, 0x00000000ebe80000, 0x0000000100000000)
  eden space 17408K, 0% used [0x00000000eab00000,0x00000000eab00000,0x00000000ebc00000)
  from space 512K, 31% used [0x00000000ebc00000,0x00000000ebc28000,0x00000000ebc80000)
  to   space 1024K, 0% used [0x00000000ebd80000,0x00000000ebd80000,0x00000000ebe80000)
 ParOldGen       total 90112K, used 73606K [0x00000000c0000000, 0x00000000c5800000, 0x00000000eab00000)
  object space 90112K, 81% used [0x00000000c0000000,0x00000000c47e1898,0x00000000c5800000)
 Metaspace       used 80118K, committed 81344K, reserved 1179648K
  class space    used 9456K, committed 9984K, reserved 1048576K
}
Event: 596.171 GC heap before
{Heap before GC invocations=101 (full 4):
 PSYoungGen      total 17920K, used 17568K [0x00000000eab00000, 0x00000000ebe80000, 0x0000000100000000)
  eden space 17408K, 100% used [0x00000000eab00000,0x00000000ebc00000,0x00000000ebc00000)
  from space 512K, 31% used [0x00000000ebc00000,0x00000000ebc28000,0x00000000ebc80000)
  to   space 1024K, 0% used [0x00000000ebd80000,0x00000000ebd80000,0x00000000ebe80000)
 ParOldGen       total 90112K, used 73606K [0x00000000c0000000, 0x00000000c5800000, 0x00000000eab00000)
  object space 90112K, 81% used [0x00000000c0000000,0x00000000c47e1898,0x00000000c5800000)
 Metaspace       used 80700K, committed 81920K, reserved 1179648K
  class space    used 9545K, committed 10048K, reserved 1048576K
}
Event: 596.172 GC heap after
{Heap after GC invocations=101 (full 4):
 PSYoungGen      total 17920K, used 256K [0x00000000eab00000, 0x00000000ebe00000, 0x0000000100000000)
  eden space 17408K, 0% used [0x00000000eab00000,0x00000000eab00000,0x00000000ebc00000)
  from space 512K, 50% used [0x00000000ebd80000,0x00000000ebdc0000,0x00000000ebe00000)
  to   space 512K, 0% used [0x00000000ebc00000,0x00000000ebc00000,0x00000000ebc80000)
 ParOldGen       total 90112K, used 73750K [0x00000000c0000000, 0x00000000c5800000, 0x00000000eab00000)
  object space 90112K, 81% used [0x00000000c0000000,0x00000000c4805898,0x00000000c5800000)
 Metaspace       used 80700K, committed 81920K, reserved 1179648K
  class space    used 9545K, committed 10048K, reserved 1048576K
}
Event: 597.104 GC heap before
{Heap before GC invocations=102 (full 4):
 PSYoungGen      total 17920K, used 17664K [0x00000000eab00000, 0x00000000ebe00000, 0x0000000100000000)
  eden space 17408K, 100% used [0x00000000eab00000,0x00000000ebc00000,0x00000000ebc00000)
  from space 512K, 50% used [0x00000000ebd80000,0x00000000ebdc0000,0x00000000ebe00000)
  to   space 512K, 0% used [0x00000000ebc00000,0x00000000ebc00000,0x00000000ebc80000)
 ParOldGen       total 90112K, used 73750K [0x00000000c0000000, 0x00000000c5800000, 0x00000000eab00000)
  object space 90112K, 81% used [0x00000000c0000000,0x00000000c4805898,0x00000000c5800000)
 Metaspace       used 81973K, committed 83136K, reserved 1179648K
  class space    used 9653K, committed 10176K, reserved 1048576K
}
Event: 597.107 GC heap after
{Heap after GC invocations=102 (full 4):
 PSYoungGen      total 17920K, used 288K [0x00000000eab00000, 0x00000000ebe00000, 0x0000000100000000)
  eden space 17408K, 0% used [0x00000000eab00000,0x00000000eab00000,0x00000000ebc00000)
  from space 512K, 56% used [0x00000000ebc00000,0x00000000ebc48000,0x00000000ebc80000)
  to   space 512K, 0% used [0x00000000ebd80000,0x00000000ebd80000,0x00000000ebe00000)
 ParOldGen       total 90112K, used 74731K [0x00000000c0000000, 0x00000000c5800000, 0x00000000eab00000)
  object space 90112K, 82% used [0x00000000c0000000,0x00000000c48fada8,0x00000000c5800000)
 Metaspace       used 81973K, committed 83136K, reserved 1179648K
  class space    used 9653K, committed 10176K, reserved 1048576K
}
Event: 598.827 GC heap before
{Heap before GC invocations=103 (full 4):
 PSYoungGen      total 17920K, used 17696K [0x00000000eab00000, 0x00000000ebe00000, 0x0000000100000000)
  eden space 17408K, 100% used [0x00000000eab00000,0x00000000ebc00000,0x00000000ebc00000)
  from space 512K, 56% used [0x00000000ebc00000,0x00000000ebc48000,0x00000000ebc80000)
  to   space 512K, 0% used [0x00000000ebd80000,0x00000000ebd80000,0x00000000ebe00000)
 ParOldGen       total 90112K, used 74731K [0x00000000c0000000, 0x00000000c5800000, 0x00000000eab00000)
  object space 90112K, 82% used [0x00000000c0000000,0x00000000c48fada8,0x00000000c5800000)
 Metaspace       used 83606K, committed 84864K, reserved 1179648K
  class space    used 9831K, committed 10368K, reserved 1048576K
}
Event: 598.829 GC heap after
{Heap after GC invocations=103 (full 4):
 PSYoungGen      total 17920K, used 500K [0x00000000eab00000, 0x00000000ebf00000, 0x0000000100000000)
  eden space 17408K, 0% used [0x00000000eab00000,0x00000000eab00000,0x00000000ebc00000)
  from space 512K, 97% used [0x00000000ebd80000,0x00000000ebdfd2a0,0x00000000ebe00000)
  to   space 1536K, 0% used [0x00000000ebc00000,0x00000000ebc00000,0x00000000ebd80000)
 ParOldGen       total 90112K, used 75248K [0x00000000c0000000, 0x00000000c5800000, 0x00000000eab00000)
  object space 90112K, 83% used [0x00000000c0000000,0x00000000c497c2d8,0x00000000c5800000)
 Metaspace       used 83606K, committed 84864K, reserved 1179648K
  class space    used 9831K, committed 10368K, reserved 1048576K
}

