# JRE version: OpenJDK Runtime Environment Microsoft-8902769 (17.0.10+7) (build 17.0.10+7-LTS)
# Java VM: OpenJDK 64-Bit Server VM Microsoft-8902769 (17.0.10+7-LTS, mixed mode, sharing, tiered, compressed oops, compressed class ptrs, g1 gc, windows-amd64)
GC Precious Log:
 CPUs: 4 total, 4 available
 Memory: 8067M
 Large Page Support: Disabled
 NUMA Support: Disabled
 Compressed Oops: Enabled (32-bit)
 Heap Region Size: 1M
 Heap Min Capacity: 8M
 Heap Initial Capacity: 128M
 Heap Max Capacity: 2G
 Pre-touch: Disabled
 Parallel Workers: 4
 Concurrent Workers: 1
 Concurrent Refinement Workers: 4
 Periodic GC: Disabled
Heap:
 garbage-first heap   total 215040K, used 75748K [0x0000000080000000, 0x0000000100000000)
  region size 1024K, 12 young (12288K), 7 survivors (7168K)
 Metaspace       used 74713K, committed 75456K, reserved 491520K
  class space    used 10408K, committed 10752K, reserved 425984K
GC Heap History (20 events):
Event: 96.292 GC heap before
{Heap before GC invocations=23 (full 0):
 garbage-first heap   total 86016K, used 67626K [0x0000000080000000, 0x0000000100000000)
  region size 1024K, 24 young (24576K), 3 survivors (3072K)
 Metaspace       used 59360K, committed 59968K, reserved 491520K
  class space    used 8220K, committed 8448K, reserved 425984K
}
Event: 96.302 GC heap after
{Heap after GC invocations=24 (full 0):
 garbage-first heap   total 86016K, used 49088K [0x0000000080000000, 0x0000000100000000)
  region size 1024K, 3 young (3072K), 3 survivors (3072K)
 Metaspace       used 59360K, committed 59968K, reserved 491520K
  class space    used 8220K, committed 8448K, reserved 425984K
}
Event: 96.391 GC heap before
{Heap before GC invocations=24 (full 0):
 garbage-first heap   total 86016K, used 50112K [0x0000000080000000, 0x0000000100000000)
  region size 1024K, 4 young (4096K), 3 survivors (3072K)
 Metaspace       used 59384K, committed 59968K, reserved 491520K
  class space    used 8220K, committed 8448K, reserved 425984K
}
Event: 96.397 GC heap after
{Heap after GC invocations=25 (full 0):
 garbage-first heap   total 86016K, used 48964K [0x0000000080000000, 0x0000000100000000)
  region size 1024K, 1 young (1024K), 1 survivors (1024K)
 Metaspace       used 59384K, committed 59968K, reserved 491520K
  class space    used 8220K, committed 8448K, reserved 425984K
}
Event: 96.421 GC heap before
{Heap before GC invocations=25 (full 0):
 garbage-first heap   total 86016K, used 48964K [0x0000000080000000, 0x0000000100000000)
  region size 1024K, 2 young (2048K), 1 survivors (1024K)
 Metaspace       used 59396K, committed 59968K, reserved 491520K
  class space    used 8220K, committed 8448K, reserved 425984K
}
Event: 96.422 GC heap after
{Heap after GC invocations=26 (full 0):
 garbage-first heap   total 86016K, used 49004K [0x0000000080000000, 0x0000000100000000)
  region size 1024K, 1 young (1024K), 1 survivors (1024K)
 Metaspace       used 59396K, committed 59968K, reserved 491520K
  class space    used 8220K, committed 8448K, reserved 425984K
}
Event: 97.745 GC heap before
{Heap before GC invocations=27 (full 0):
 garbage-first heap   total 94208K, used 76652K [0x0000000080000000, 0x0000000100000000)
  region size 1024K, 20 young (20480K), 1 survivors (1024K)
 Metaspace       used 61794K, committed 62400K, reserved 491520K
  class space    used 8521K, committed 8768K, reserved 425984K
}
Event: 97.750 GC heap after
{Heap after GC invocations=28 (full 0):
 garbage-first heap   total 94208K, used 59827K [0x0000000080000000, 0x0000000100000000)
  region size 1024K, 3 young (3072K), 3 survivors (3072K)
 Metaspace       used 61794K, committed 62400K, reserved 491520K
  class space    used 8521K, committed 8768K, reserved 425984K
}
Event: 97.780 GC heap before
{Heap before GC invocations=28 (full 0):
 garbage-first heap   total 94208K, used 60851K [0x0000000080000000, 0x0000000100000000)
  region size 1024K, 4 young (4096K), 3 survivors (3072K)
 Metaspace       used 61887K, committed 62528K, reserved 491520K
  class space    used 8530K, committed 8832K, reserved 425984K
}
Event: 97.786 GC heap after
{Heap after GC invocations=29 (full 0):
 garbage-first heap   total 94208K, used 59561K [0x0000000080000000, 0x0000000100000000)
  region size 1024K, 1 young (1024K), 1 survivors (1024K)
 Metaspace       used 61887K, committed 62528K, reserved 491520K
  class space    used 8530K, committed 8832K, reserved 425984K
}
Event: 98.869 GC heap before
{Heap before GC invocations=29 (full 0):
 garbage-first heap   total 94208K, used 75945K [0x0000000080000000, 0x0000000100000000)
  region size 1024K, 17 young (17408K), 1 survivors (1024K)
 Metaspace       used 63326K, committed 64000K, reserved 491520K
  class space    used 8763K, committed 9088K, reserved 425984K
}
Event: 98.873 GC heap after
{Heap after GC invocations=30 (full 0):
 garbage-first heap   total 94208K, used 59901K [0x0000000080000000, 0x0000000100000000)
  region size 1024K, 1 young (1024K), 1 survivors (1024K)
 Metaspace       used 63326K, committed 64000K, reserved 491520K
  class space    used 8763K, committed 9088K, reserved 425984K
}
Event: 99.649 GC heap before
{Heap before GC invocations=31 (full 0):
 garbage-first heap   total 107520K, used 79357K [0x0000000080000000, 0x0000000100000000)
  region size 1024K, 17 young (17408K), 1 survivors (1024K)
 Metaspace       used 64775K, committed 65472K, reserved 491520K
  class space    used 9003K, committed 9344K, reserved 425984K
}
Event: 99.654 GC heap after
{Heap after GC invocations=32 (full 0):
 garbage-first heap   total 107520K, used 65198K [0x0000000080000000, 0x0000000100000000)
  region size 1024K, 2 young (2048K), 2 survivors (2048K)
 Metaspace       used 64775K, committed 65472K, reserved 491520K
  class space    used 9003K, committed 9344K, reserved 425984K
}
Event: 99.762 GC heap before
{Heap before GC invocations=32 (full 0):
 garbage-first heap   total 107520K, used 67246K [0x0000000080000000, 0x0000000100000000)
  region size 1024K, 5 young (5120K), 2 survivors (2048K)
 Metaspace       used 65047K, committed 65728K, reserved 491520K
  class space    used 9023K, committed 9344K, reserved 425984K
}
Event: 99.768 GC heap after
{Heap after GC invocations=33 (full 0):
 garbage-first heap   total 107520K, used 65164K [0x0000000080000000, 0x0000000100000000)
  region size 1024K, 1 young (1024K), 1 survivors (1024K)
 Metaspace       used 65047K, committed 65728K, reserved 491520K
  class space    used 9023K, committed 9344K, reserved 425984K
}
Event: 100.739 GC heap before
{Heap before GC invocations=33 (full 0):
 garbage-first heap   total 107520K, used 86668K [0x0000000080000000, 0x0000000100000000)
  region size 1024K, 23 young (23552K), 1 survivors (1024K)
 Metaspace       used 66614K, committed 67264K, reserved 491520K
  class space    used 9241K, committed 9536K, reserved 425984K
}
Event: 100.744 GC heap after
{Heap after GC invocations=34 (full 0):
 garbage-first heap   total 215040K, used 65886K [0x0000000080000000, 0x0000000100000000)
  region size 1024K, 1 young (1024K), 1 survivors (1024K)
 Metaspace       used 66614K, committed 67264K, reserved 491520K
  class space    used 9241K, committed 9536K, reserved 425984K
}
Event: 106.352 GC heap before
{Heap before GC invocations=34 (full 0):
 garbage-first heap   total 215040K, used 167262K [0x0000000080000000, 0x0000000100000000)
  region size 1024K, 101 young (103424K), 1 survivors (1024K)
 Metaspace       used 74384K, committed 75136K, reserved 491520K
  class space    used 10354K, committed 10688K, reserved 425984K
}
Event: 106.392 GC heap after
{Heap after GC invocations=35 (full 0):
 garbage-first heap   total 215040K, used 71652K [0x0000000080000000, 0x0000000100000000)
  region size 1024K, 7 young (7168K), 7 survivors (7168K)
 Metaspace       used 74384K, committed 75136K, reserved 491520K
  class space    used 10354K, committed 10688K, reserved 425984K
}

