# JRE version: OpenJDK Runtime Environment Microsoft-8902769 (17.0.10+7) (build 17.0.10+7-LTS)
# Java VM: OpenJDK 64-Bit Server VM Microsoft-8902769 (17.0.10+7-LTS, mixed mode, sharing, tiered, compressed oops, compressed class ptrs, g1 gc, windows-amd64)
GC Precious Log:
 CPUs: 4 total, 4 available
 Memory: 8067M
 Large Page Support: Disabled
 NUMA Support: Disabled
 Compressed Oops: Enabled (32-bit)
 Heap Region Size: 1M
 Heap Min Capacity: 8M
 Heap Initial Capacity: 128M
 Heap Max Capacity: 2G
 Pre-touch: Disabled
 Parallel Workers: 4
 Concurrent Workers: 1
 Concurrent Refinement Workers: 4
 Periodic GC: Disabled
Heap:
 garbage-first heap   total 467968K, used 280575K [0x0000000080000000, 0x0000000100000000)
  region size 1024K, 57 young (58368K), 20 survivors (20480K)
 Metaspace       used 113691K, committed 115008K, reserved 557056K
  class space    used 15687K, committed 16320K, reserved 425984K
GC Heap History (20 events):
Event: 35.414 GC heap before
{Heap before GC invocations=49 (full 0):
 garbage-first heap   total 230400K, used 144147K [0x0000000080000000, 0x0000000100000000)
  region size 1024K, 11 young (11264K), 7 survivors (7168K)
 Metaspace       used 90218K, committed 91264K, reserved 557056K
  class space    used 12674K, committed 13184K, reserved 425984K
}
Event: 35.429 GC heap after
{Heap after GC invocations=50 (full 0):
 garbage-first heap   total 230400K, used 140784K [0x0000000080000000, 0x0000000100000000)
  region size 1024K, 1 young (1024K), 1 survivors (1024K)
 Metaspace       used 90218K, committed 91264K, reserved 557056K
  class space    used 12674K, committed 13184K, reserved 425984K
}
Event: 36.125 GC heap before
{Heap before GC invocations=50 (full 0):
 garbage-first heap   total 230400K, used 182768K [0x0000000080000000, 0x0000000100000000)
  region size 1024K, 41 young (41984K), 1 survivors (1024K)
 Metaspace       used 91944K, committed 92992K, reserved 557056K
  class space    used 12883K, committed 13376K, reserved 425984K
}
Event: 36.132 GC heap after
{Heap after GC invocations=51 (full 0):
 garbage-first heap   total 230400K, used 149050K [0x0000000080000000, 0x0000000100000000)
  region size 1024K, 6 young (6144K), 6 survivors (6144K)
 Metaspace       used 91944K, committed 92992K, reserved 557056K
  class space    used 12883K, committed 13376K, reserved 425984K
}
Event: 37.154 GC heap before
{Heap before GC invocations=52 (full 0):
 garbage-first heap   total 265216K, used 187962K [0x0000000080000000, 0x0000000100000000)
  region size 1024K, 42 young (43008K), 6 survivors (6144K)
 Metaspace       used 92479K, committed 93632K, reserved 557056K
  class space    used 12937K, committed 13440K, reserved 425984K
}
Event: 37.171 GC heap after
{Heap after GC invocations=53 (full 0):
 garbage-first heap   total 265216K, used 158181K [0x0000000080000000, 0x0000000100000000)
  region size 1024K, 6 young (6144K), 6 survivors (6144K)
 Metaspace       used 92479K, committed 93632K, reserved 557056K
  class space    used 12937K, committed 13440K, reserved 425984K
}
Event: 37.340 GC heap before
{Heap before GC invocations=53 (full 0):
 garbage-first heap   total 265216K, used 164325K [0x0000000080000000, 0x0000000100000000)
  region size 1024K, 12 young (12288K), 6 survivors (6144K)
 Metaspace       used 92500K, committed 93632K, reserved 557056K
  class space    used 12937K, committed 13440K, reserved 425984K
}
Event: 37.354 GC heap after
{Heap after GC invocations=54 (full 0):
 garbage-first heap   total 467968K, used 159500K [0x0000000080000000, 0x0000000100000000)
  region size 1024K, 2 young (2048K), 2 survivors (2048K)
 Metaspace       used 92500K, committed 93632K, reserved 557056K
  class space    used 12937K, committed 13440K, reserved 425984K
}
Event: 41.757 GC heap before
{Heap before GC invocations=54 (full 0):
 garbage-first heap   total 467968K, used 300812K [0x0000000080000000, 0x0000000100000000)
  region size 1024K, 140 young (143360K), 2 survivors (2048K)
 Metaspace       used 99900K, committed 101120K, reserved 557056K
  class space    used 13943K, committed 14528K, reserved 425984K
}
Event: 41.796 GC heap after
{Heap after GC invocations=55 (full 0):
 garbage-first heap   total 467968K, used 171908K [0x0000000080000000, 0x0000000100000000)
  region size 1024K, 14 young (14336K), 14 survivors (14336K)
 Metaspace       used 99900K, committed 101120K, reserved 557056K
  class space    used 13943K, committed 14528K, reserved 425984K
}
Event: 44.708 GC heap before
{Heap before GC invocations=55 (full 0):
 garbage-first heap   total 467968K, used 332676K [0x0000000080000000, 0x0000000100000000)
  region size 1024K, 172 young (176128K), 14 survivors (14336K)
 Metaspace       used 101576K, committed 102848K, reserved 557056K
  class space    used 14106K, committed 14720K, reserved 425984K
}
Event: 44.771 GC heap after
{Heap after GC invocations=56 (full 0):
 garbage-first heap   total 467968K, used 184976K [0x0000000080000000, 0x0000000100000000)
  region size 1024K, 13 young (13312K), 13 survivors (13312K)
 Metaspace       used 101576K, committed 102848K, reserved 557056K
  class space    used 14106K, committed 14720K, reserved 425984K
}
Event: 47.534 GC heap before
{Heap before GC invocations=56 (full 0):
 garbage-first heap   total 467968K, used 363152K [0x0000000080000000, 0x0000000100000000)
  region size 1024K, 180 young (184320K), 13 survivors (13312K)
 Metaspace       used 102091K, committed 103360K, reserved 557056K
  class space    used 14169K, committed 14784K, reserved 425984K
}
Event: 47.578 GC heap after
{Heap after GC invocations=57 (full 0):
 garbage-first heap   total 467968K, used 199679K [0x0000000080000000, 0x0000000100000000)
  region size 1024K, 15 young (15360K), 15 survivors (15360K)
 Metaspace       used 102091K, committed 103360K, reserved 557056K
  class space    used 14169K, committed 14784K, reserved 425984K
}
Event: 51.050 GC heap before
{Heap before GC invocations=57 (full 0):
 garbage-first heap   total 467968K, used 377855K [0x0000000080000000, 0x0000000100000000)
  region size 1024K, 174 young (178176K), 15 survivors (15360K)
 Metaspace       used 103896K, committed 105216K, reserved 557056K
  class space    used 14415K, committed 15040K, reserved 425984K
}
Event: 51.124 GC heap after
{Heap after GC invocations=58 (full 0):
 garbage-first heap   total 467968K, used 211967K [0x0000000080000000, 0x0000000100000000)
  region size 1024K, 12 young (12288K), 12 survivors (12288K)
 Metaspace       used 103896K, committed 105216K, reserved 557056K
  class space    used 14415K, committed 15040K, reserved 425984K
}
Event: 53.359 GC heap before
{Heap before GC invocations=58 (full 0):
 garbage-first heap   total 467968K, used 379903K [0x0000000080000000, 0x0000000100000000)
  region size 1024K, 167 young (171008K), 12 survivors (12288K)
 Metaspace       used 106401K, committed 107776K, reserved 557056K
  class space    used 14745K, committed 15424K, reserved 425984K
}
Event: 53.418 GC heap after
{Heap after GC invocations=59 (full 0):
 garbage-first heap   total 467968K, used 225279K [0x0000000080000000, 0x0000000100000000)
  region size 1024K, 11 young (11264K), 11 survivors (11264K)
 Metaspace       used 106401K, committed 107776K, reserved 557056K
  class space    used 14745K, committed 15424K, reserved 425984K
}
Event: 56.260 GC heap before
{Heap before GC invocations=59 (full 0):
 garbage-first heap   total 467968K, used 376831K [0x0000000080000000, 0x0000000100000000)
  region size 1024K, 160 young (163840K), 11 survivors (11264K)
 Metaspace       used 112465K, committed 113856K, reserved 557056K
  class space    used 15543K, committed 16192K, reserved 425984K
}
Event: 56.314 GC heap after
{Heap after GC invocations=60 (full 0):
 garbage-first heap   total 467968K, used 243711K [0x0000000080000000, 0x0000000100000000)
  region size 1024K, 20 young (20480K), 20 survivors (20480K)
 Metaspace       used 112465K, committed 113856K, reserved 557056K
  class space    used 15543K, committed 16192K, reserved 425984K
}

