# JRE version: OpenJDK Runtime Environment Microsoft-8902769 (17.0.10+7) (build 17.0.10+7-LTS)
# Java VM: OpenJDK 64-Bit Server VM Microsoft-8902769 (17.0.10+7-LTS, mixed mode, sharing, tiered, compressed oops, compressed class ptrs, g1 gc, windows-amd64)
GC Precious Log:
 CPUs: 4 total, 4 available
 Memory: 8067M
 Large Page Support: Disabled
 NUMA Support: Disabled
 Compressed Oops: Enabled (32-bit)
 Heap Region Size: 1M
 Heap Min Capacity: 8M
 Heap Initial Capacity: 128M
 Heap Max Capacity: 2G
 Pre-touch: Disabled
 Parallel Workers: 4
 Concurrent Workers: 1
 Concurrent Refinement Workers: 4
 Periodic GC: Disabled
Heap:
 garbage-first heap   total 463872K, used 202804K [0x0000000080000000, 0x0000000100000000)
  region size 1024K, 1 young (1024K), 1 survivors (1024K)
 Metaspace       used 94405K, committed 95232K, reserved 557056K
  class space    used 13182K, committed 13568K, reserved 425984K
GC Heap History (20 events):
Event: 30.344 GC heap after
{Heap after GC invocations=43 (full 0):
 garbage-first heap   total 163840K, used 90339K [0x0000000080000000, 0x0000000100000000)
  region size 1024K, 3 young (3072K), 3 survivors (3072K)
 Metaspace       used 82716K, committed 83456K, reserved 557056K
  class space    used 11683K, committed 12032K, reserved 425984K
}
Event: 32.186 GC heap before
{Heap before GC invocations=43 (full 0):
 garbage-first heap   total 163840K, used 136419K [0x0000000080000000, 0x0000000100000000)
  region size 1024K, 48 young (49152K), 3 survivors (3072K)
 Metaspace       used 85749K, committed 86528K, reserved 557056K
  class space    used 12113K, committed 12480K, reserved 425984K
}
Event: 32.201 GC heap after
{Heap after GC invocations=44 (full 0):
 garbage-first heap   total 377856K, used 92883K [0x0000000080000000, 0x0000000100000000)
  region size 1024K, 5 young (5120K), 5 survivors (5120K)
 Metaspace       used 85749K, committed 86528K, reserved 557056K
  class space    used 12113K, committed 12480K, reserved 425984K
}
Event: 50.092 GC heap before
{Heap before GC invocations=45 (full 0):
 garbage-first heap   total 317440K, used 277203K [0x0000000080000000, 0x0000000100000000)
  region size 1024K, 186 young (190464K), 5 survivors (5120K)
 Metaspace       used 93547K, committed 94400K, reserved 557056K
  class space    used 13100K, committed 13504K, reserved 425984K
}
Event: 50.132 GC heap after
{Heap after GC invocations=46 (full 0):
 garbage-first heap   total 317440K, used 108832K [0x0000000080000000, 0x0000000100000000)
  region size 1024K, 21 young (21504K), 21 survivors (21504K)
 Metaspace       used 93547K, committed 94400K, reserved 557056K
  class space    used 13100K, committed 13504K, reserved 425984K
}
Event: 50.153 GC heap before
{Heap before GC invocations=46 (full 0):
 garbage-first heap   total 317440K, used 109856K [0x0000000080000000, 0x0000000100000000)
  region size 1024K, 22 young (22528K), 21 survivors (21504K)
 Metaspace       used 93599K, committed 94400K, reserved 557056K
  class space    used 13107K, committed 13504K, reserved 425984K
}
Event: 50.185 GC heap after
{Heap after GC invocations=47 (full 0):
 garbage-first heap   total 317440K, used 109914K [0x0000000080000000, 0x0000000100000000)
  region size 1024K, 2 young (2048K), 2 survivors (2048K)
 Metaspace       used 93599K, committed 94400K, reserved 557056K
  class space    used 13107K, committed 13504K, reserved 425984K
}
Event: 51.117 GC heap before
{Heap before GC invocations=47 (full 0):
 garbage-first heap   total 317440K, used 149850K [0x0000000080000000, 0x0000000100000000)
  region size 1024K, 42 young (43008K), 2 survivors (2048K)
 Metaspace       used 94327K, committed 95232K, reserved 557056K
  class space    used 13178K, committed 13568K, reserved 425984K
}
Event: 51.124 GC heap after
{Heap after GC invocations=48 (full 0):
 garbage-first heap   total 317440K, used 111351K [0x0000000080000000, 0x0000000100000000)
  region size 1024K, 4 young (4096K), 4 survivors (4096K)
 Metaspace       used 94327K, committed 95232K, reserved 557056K
  class space    used 13178K, committed 13568K, reserved 425984K
}
Event: 51.991 GC heap before
{Heap before GC invocations=48 (full 0):
 garbage-first heap   total 437248K, used 304887K [0x0000000080000000, 0x0000000100000000)
  region size 1024K, 36 young (36864K), 4 survivors (4096K)
 Metaspace       used 94405K, committed 95232K, reserved 557056K
  class space    used 13182K, committed 13568K, reserved 425984K
}
Event: 51.998 GC heap after
{Heap after GC invocations=49 (full 0):
 garbage-first heap   total 437248K, used 116048K [0x0000000080000000, 0x0000000100000000)
  region size 1024K, 8 young (8192K), 8 survivors (8192K)
 Metaspace       used 94405K, committed 95232K, reserved 557056K
  class space    used 13182K, committed 13568K, reserved 425984K
}
Event: 52.128 GC heap before
{Heap before GC invocations=49 (full 0):
 garbage-first heap   total 437248K, used 190800K [0x0000000080000000, 0x0000000100000000)
  region size 1024K, 19 young (19456K), 8 survivors (8192K)
 Metaspace       used 94405K, committed 95232K, reserved 557056K
  class space    used 13182K, committed 13568K, reserved 425984K
}
Event: 52.135 GC heap after
{Heap after GC invocations=50 (full 0):
 garbage-first heap   total 437248K, used 132757K [0x0000000080000000, 0x0000000100000000)
  region size 1024K, 11 young (11264K), 11 survivors (11264K)
 Metaspace       used 94405K, committed 95232K, reserved 557056K
  class space    used 13182K, committed 13568K, reserved 425984K
}
Event: 52.136 GC heap before
{Heap before GC invocations=50 (full 0):
 garbage-first heap   total 437248K, used 134805K [0x0000000080000000, 0x0000000100000000)
  region size 1024K, 11 young (11264K), 11 survivors (11264K)
 Metaspace       used 94405K, committed 95232K, reserved 557056K
  class space    used 13182K, committed 13568K, reserved 425984K
}
Event: 52.142 GC heap after
{Heap after GC invocations=51 (full 0):
 garbage-first heap   total 437248K, used 133815K [0x0000000080000000, 0x0000000100000000)
  region size 1024K, 11 young (11264K), 11 survivors (11264K)
 Metaspace       used 94405K, committed 95232K, reserved 557056K
  class space    used 13182K, committed 13568K, reserved 425984K
}
Event: 52.641 GC heap before
{Heap before GC invocations=52 (full 0):
 garbage-first heap   total 455680K, used 432823K [0x0000000080000000, 0x0000000100000000)
  region size 1024K, 71 young (72704K), 11 survivors (11264K)
 Metaspace       used 94405K, committed 95232K, reserved 557056K
  class space    used 13182K, committed 13568K, reserved 425984K
}
Event: 52.652 GC heap after
{Heap after GC invocations=53 (full 0):
 garbage-first heap   total 463872K, used 202387K [0x0000000080000000, 0x0000000100000000)
  region size 1024K, 27 young (27648K), 27 survivors (27648K)
 Metaspace       used 94405K, committed 95232K, reserved 557056K
  class space    used 13182K, committed 13568K, reserved 425984K
}
Event: 52.671 GC heap before
{Heap before GC invocations=53 (full 0):
 garbage-first heap   total 463872K, used 213651K [0x0000000080000000, 0x0000000100000000)
  region size 1024K, 28 young (28672K), 27 survivors (27648K)
 Metaspace       used 94405K, committed 95232K, reserved 557056K
  class space    used 13182K, committed 13568K, reserved 425984K
}
Event: 52.683 GC heap after
{Heap after GC invocations=54 (full 0):
 garbage-first heap   total 463872K, used 203525K [0x0000000080000000, 0x0000000100000000)
  region size 1024K, 2 young (2048K), 2 survivors (2048K)
 Metaspace       used 94405K, committed 95232K, reserved 557056K
  class space    used 13182K, committed 13568K, reserved 425984K
}
Event: 52.687 GC heap before
{Heap before GC invocations=54 (full 0):
 garbage-first heap   total 463872K, used 203525K [0x0000000080000000, 0x0000000100000000)
  region size 1024K, 3 young (3072K), 2 survivors (2048K)
 Metaspace       used 94405K, committed 95232K, reserved 557056K
  class space    used 13182K, committed 13568K, reserved 425984K
}

