# JRE version: OpenJDK Runtime Environment Microsoft-8902769 (17.0.10+7) (build 17.0.10+7-LTS)
# Java VM: OpenJDK 64-Bit Server VM Microsoft-8902769 (17.0.10+7-LTS, mixed mode, sharing, tiered, compressed oops, compressed class ptrs, g1 gc, windows-amd64)
GC Precious Log:
 CPUs: 4 total, 4 available
 Memory: 8067M
 Large Page Support: Disabled
 NUMA Support: Disabled
 Compressed Oops: Enabled (32-bit)
 Heap Region Size: 1M
 Heap Min Capacity: 8M
 Heap Initial Capacity: 128M
 Heap Max Capacity: 2G
 Pre-touch: Disabled
 Parallel Workers: 4
 Concurrent Workers: 1
 Concurrent Refinement Workers: 4
 Periodic GC: Disabled
Heap:
 garbage-first heap   total 457728K, used 156755K [0x0000000080000000, 0x0000000100000000)
  region size 1024K, 2 young (2048K), 2 survivors (2048K)
 Metaspace       used 165071K, committed 166144K, reserved 622592K
  class space    used 21387K, committed 21888K, reserved 425984K
GC Heap History (20 events):
Event: 15326.257 GC heap after
{Heap after GC invocations=149 (full 1):
 garbage-first heap   total 457728K, used 163992K [0x0000000080000000, 0x0000000100000000)
  region size 1024K, 2 young (2048K), 2 survivors (2048K)
 Metaspace       used 164775K, committed 165824K, reserved 622592K
  class space    used 21396K, committed 21888K, reserved 425984K
}
Event: 15340.657 GC heap before
{Heap before GC invocations=149 (full 1):
 garbage-first heap   total 457728K, used 187544K [0x0000000080000000, 0x0000000100000000)
  region size 1024K, 26 young (26624K), 2 survivors (2048K)
 Metaspace       used 164807K, committed 165888K, reserved 622592K
  class space    used 21397K, committed 21888K, reserved 425984K
}
Event: 15340.660 GC heap after
{Heap after GC invocations=150 (full 1):
 garbage-first heap   total 457728K, used 162781K [0x0000000080000000, 0x0000000100000000)
  region size 1024K, 1 young (1024K), 1 survivors (1024K)
 Metaspace       used 164807K, committed 165888K, reserved 622592K
  class space    used 21397K, committed 21888K, reserved 425984K
}
Event: 15342.654 GC heap before
{Heap before GC invocations=151 (full 1):
 garbage-first heap   total 457728K, used 369629K [0x0000000080000000, 0x0000000100000000)
  region size 1024K, 204 young (208896K), 1 survivors (1024K)
 Metaspace       used 165041K, committed 166144K, reserved 622592K
  class space    used 21386K, committed 21888K, reserved 425984K
}
Event: 15342.662 GC heap after
{Heap after GC invocations=152 (full 1):
 garbage-first heap   total 457728K, used 164538K [0x0000000080000000, 0x0000000100000000)
  region size 1024K, 3 young (3072K), 3 survivors (3072K)
 Metaspace       used 165041K, committed 166144K, reserved 622592K
  class space    used 21386K, committed 21888K, reserved 425984K
}
Event: 15342.770 GC heap before
{Heap before GC invocations=152 (full 1):
 garbage-first heap   total 457728K, used 182970K [0x0000000080000000, 0x0000000100000000)
  region size 1024K, 22 young (22528K), 3 survivors (3072K)
 Metaspace       used 165041K, committed 166144K, reserved 622592K
  class space    used 21386K, committed 21888K, reserved 425984K
}
Event: 15342.782 GC heap after
{Heap after GC invocations=153 (full 1):
 garbage-first heap   total 457728K, used 156810K [0x0000000080000000, 0x0000000100000000)
  region size 1024K, 1 young (1024K), 1 survivors (1024K)
 Metaspace       used 165041K, committed 166144K, reserved 622592K
  class space    used 21386K, committed 21888K, reserved 425984K
}
Event: 15343.520 GC heap before
{Heap before GC invocations=153 (full 1):
 garbage-first heap   total 457728K, used 255114K [0x0000000080000000, 0x0000000100000000)
  region size 1024K, 99 young (101376K), 1 survivors (1024K)
 Metaspace       used 165050K, committed 166144K, reserved 622592K
  class space    used 21386K, committed 21888K, reserved 425984K
}
Event: 15343.523 GC heap after
{Heap after GC invocations=154 (full 1):
 garbage-first heap   total 457728K, used 157074K [0x0000000080000000, 0x0000000100000000)
  region size 1024K, 1 young (1024K), 1 survivors (1024K)
 Metaspace       used 165050K, committed 166144K, reserved 622592K
  class space    used 21386K, committed 21888K, reserved 425984K
}
Event: 15345.949 GC heap before
{Heap before GC invocations=155 (full 1):
 garbage-first heap   total 457728K, used 376210K [0x0000000080000000, 0x0000000100000000)
  region size 1024K, 216 young (221184K), 1 survivors (1024K)
 Metaspace       used 165057K, committed 166144K, reserved 622592K
  class space    used 21386K, committed 21888K, reserved 425984K
}
Event: 15345.954 GC heap after
{Heap after GC invocations=156 (full 1):
 garbage-first heap   total 457728K, used 159215K [0x0000000080000000, 0x0000000100000000)
  region size 1024K, 2 young (2048K), 2 survivors (2048K)
 Metaspace       used 165057K, committed 166144K, reserved 622592K
  class space    used 21386K, committed 21888K, reserved 425984K
}
Event: 15346.065 GC heap before
{Heap before GC invocations=156 (full 1):
 garbage-first heap   total 457728K, used 179695K [0x0000000080000000, 0x0000000100000000)
  region size 1024K, 22 young (22528K), 2 survivors (2048K)
 Metaspace       used 165058K, committed 166144K, reserved 622592K
  class space    used 21386K, committed 21888K, reserved 425984K
}
Event: 15346.077 GC heap after
{Heap after GC invocations=157 (full 1):
 garbage-first heap   total 457728K, used 156172K [0x0000000080000000, 0x0000000100000000)
  region size 1024K, 2 young (2048K), 2 survivors (2048K)
 Metaspace       used 165058K, committed 166144K, reserved 622592K
  class space    used 21386K, committed 21888K, reserved 425984K
}
Event: 15347.335 GC heap before
{Heap before GC invocations=157 (full 1):
 garbage-first heap   total 457728K, used 380428K [0x0000000080000000, 0x0000000100000000)
  region size 1024K, 221 young (226304K), 2 survivors (2048K)
 Metaspace       used 165067K, committed 166144K, reserved 622592K
  class space    used 21387K, committed 21888K, reserved 425984K
}
Event: 15347.340 GC heap after
{Heap after GC invocations=158 (full 1):
 garbage-first heap   total 457728K, used 157175K [0x0000000080000000, 0x0000000100000000)
  region size 1024K, 3 young (3072K), 3 survivors (3072K)
 Metaspace       used 165067K, committed 166144K, reserved 622592K
  class space    used 21387K, committed 21888K, reserved 425984K
}
Event: 15348.850 GC heap before
{Heap before GC invocations=159 (full 1):
 garbage-first heap   total 457728K, used 384503K [0x0000000080000000, 0x0000000100000000)
  region size 1024K, 225 young (230400K), 3 survivors (3072K)
 Metaspace       used 165070K, committed 166144K, reserved 622592K
  class space    used 21387K, committed 21888K, reserved 425984K
}
Event: 15348.861 GC heap after
{Heap after GC invocations=160 (full 1):
 garbage-first heap   total 457728K, used 158540K [0x0000000080000000, 0x0000000100000000)
  region size 1024K, 4 young (4096K), 4 survivors (4096K)
 Metaspace       used 165070K, committed 166144K, reserved 622592K
  class space    used 21387K, committed 21888K, reserved 425984K
}
Event: 15348.903 GC heap before
{Heap before GC invocations=160 (full 1):
 garbage-first heap   total 457728K, used 176972K [0x0000000080000000, 0x0000000100000000)
  region size 1024K, 22 young (22528K), 4 survivors (4096K)
 Metaspace       used 165070K, committed 166144K, reserved 622592K
  class space    used 21387K, committed 21888K, reserved 425984K
}
Event: 15348.934 GC heap after
{Heap after GC invocations=161 (full 1):
 garbage-first heap   total 457728K, used 156768K [0x0000000080000000, 0x0000000100000000)
  region size 1024K, 1 young (1024K), 1 survivors (1024K)
 Metaspace       used 165070K, committed 166144K, reserved 622592K
  class space    used 21387K, committed 21888K, reserved 425984K
}
Event: 15350.075 GC heap before
{Heap before GC invocations=161 (full 1):
 garbage-first heap   total 457728K, used 387168K [0x0000000080000000, 0x0000000100000000)
  region size 1024K, 226 young (231424K), 1 survivors (1024K)
 Metaspace       used 165071K, committed 166144K, reserved 622592K
  class space    used 21387K, committed 21888K, reserved 425984K
}

