# JRE version: OpenJDK Runtime Environment Microsoft-8902769 (17.0.10+7) (build 17.0.10+7-LTS)
# Java VM: OpenJDK 64-Bit Server VM Microsoft-8902769 (17.0.10+7-LTS, mixed mode, sharing, tiered, compressed oops, compressed class ptrs, g1 gc, windows-amd64)
GC Precious Log:
 CPUs: 4 total, 4 available
 Memory: 8067M
 Large Page Support: Disabled
 NUMA Support: Disabled
 Compressed Oops: Enabled (32-bit)
 Heap Region Size: 1M
 Heap Min Capacity: 8M
 Heap Initial Capacity: 128M
 Heap Max Capacity: 2G
 Pre-touch: Disabled
 Parallel Workers: 4
 Concurrent Workers: 1
 Concurrent Refinement Workers: 4
 Periodic GC: Disabled
Heap:
 garbage-first heap   total 99328K, used 61755K [0x0000000080000000, 0x0000000100000000)
  region size 1024K, 9 young (9216K), 3 survivors (3072K)
 Metaspace       used 56937K, committed 57600K, reserved 491520K
  class space    used 8046K, committed 8384K, reserved 425984K
GC Heap History (20 events):
Event: 16.673 GC heap before
{Heap before GC invocations=9 (full 0):
 garbage-first heap   total 81920K, used 48471K [0x0000000080000000, 0x0000000100000000)
  region size 1024K, 18 young (18432K), 3 survivors (3072K)
 Metaspace       used 35693K, committed 36160K, reserved 491520K
  class space    used 4861K, committed 5056K, reserved 425984K
}
Event: 16.679 GC heap after
{Heap after GC invocations=10 (full 0):
 garbage-first heap   total 81920K, used 33747K [0x0000000080000000, 0x0000000100000000)
  region size 1024K, 1 young (1024K), 1 survivors (1024K)
 Metaspace       used 35693K, committed 36160K, reserved 491520K
  class space    used 4861K, committed 5056K, reserved 425984K
}
Event: 17.990 GC heap before
{Heap before GC invocations=11 (full 0):
 garbage-first heap   total 81920K, used 64467K [0x0000000080000000, 0x0000000100000000)
  region size 1024K, 31 young (31744K), 1 survivors (1024K)
 Metaspace       used 38931K, committed 39424K, reserved 491520K
  class space    used 5401K, committed 5632K, reserved 425984K
}
Event: 17.993 GC heap after
{Heap after GC invocations=12 (full 0):
 garbage-first heap   total 81920K, used 33853K [0x0000000080000000, 0x0000000100000000)
  region size 1024K, 2 young (2048K), 2 survivors (2048K)
 Metaspace       used 38931K, committed 39424K, reserved 491520K
  class space    used 5401K, committed 5632K, reserved 425984K
}
Event: 19.021 GC heap before
{Heap before GC invocations=12 (full 0):
 garbage-first heap   total 81920K, used 65597K [0x0000000080000000, 0x0000000100000000)
  region size 1024K, 33 young (33792K), 2 survivors (2048K)
 Metaspace       used 42329K, committed 42816K, reserved 491520K
  class space    used 5927K, committed 6144K, reserved 425984K
}
Event: 19.029 GC heap after
{Heap after GC invocations=13 (full 0):
 garbage-first heap   total 81920K, used 35413K [0x0000000080000000, 0x0000000100000000)
  region size 1024K, 4 young (4096K), 4 survivors (4096K)
 Metaspace       used 42329K, committed 42816K, reserved 491520K
  class space    used 5927K, committed 6144K, reserved 425984K
}
Event: 20.040 GC heap before
{Heap before GC invocations=13 (full 0):
 garbage-first heap   total 81920K, used 65109K [0x0000000080000000, 0x0000000100000000)
  region size 1024K, 33 young (33792K), 4 survivors (4096K)
 Metaspace       used 45833K, committed 46464K, reserved 491520K
  class space    used 6486K, committed 6784K, reserved 425984K
}
Event: 20.046 GC heap after
{Heap after GC invocations=14 (full 0):
 garbage-first heap   total 81920K, used 36913K [0x0000000080000000, 0x0000000100000000)
  region size 1024K, 4 young (4096K), 4 survivors (4096K)
 Metaspace       used 45833K, committed 46464K, reserved 491520K
  class space    used 6486K, committed 6784K, reserved 425984K
}
Event: 20.412 GC heap before
{Heap before GC invocations=14 (full 0):
 garbage-first heap   total 81920K, used 45105K [0x0000000080000000, 0x0000000100000000)
  region size 1024K, 12 young (12288K), 4 survivors (4096K)
 Metaspace       used 46406K, committed 47040K, reserved 491520K
  class space    used 6558K, committed 6848K, reserved 425984K
}
Event: 20.420 GC heap after
{Heap after GC invocations=15 (full 0):
 garbage-first heap   total 81920K, used 40055K [0x0000000080000000, 0x0000000100000000)
  region size 1024K, 3 young (3072K), 3 survivors (3072K)
 Metaspace       used 46406K, committed 47040K, reserved 491520K
  class space    used 6558K, committed 6848K, reserved 425984K
}
Event: 21.148 GC heap before
{Heap before GC invocations=16 (full 0):
 garbage-first heap   total 81920K, used 71799K [0x0000000080000000, 0x0000000100000000)
  region size 1024K, 29 young (29696K), 3 survivors (3072K)
 Metaspace       used 49182K, committed 49728K, reserved 491520K
  class space    used 6914K, committed 7168K, reserved 425984K
}
Event: 21.155 GC heap after
{Heap after GC invocations=17 (full 0):
 garbage-first heap   total 81920K, used 49083K [0x0000000080000000, 0x0000000100000000)
  region size 1024K, 4 young (4096K), 4 survivors (4096K)
 Metaspace       used 49182K, committed 49728K, reserved 491520K
  class space    used 6914K, committed 7168K, reserved 425984K
}
Event: 21.629 GC heap before
{Heap before GC invocations=17 (full 0):
 garbage-first heap   total 81920K, used 68539K [0x0000000080000000, 0x0000000100000000)
  region size 1024K, 23 young (23552K), 4 survivors (4096K)
 Metaspace       used 51009K, committed 51648K, reserved 491520K
  class space    used 7216K, committed 7552K, reserved 425984K
}
Event: 21.639 GC heap after
{Heap after GC invocations=18 (full 0):
 garbage-first heap   total 81920K, used 49832K [0x0000000080000000, 0x0000000100000000)
  region size 1024K, 1 young (1024K), 1 survivors (1024K)
 Metaspace       used 51009K, committed 51648K, reserved 491520K
  class space    used 7216K, committed 7552K, reserved 425984K
}
Event: 21.873 GC heap before
{Heap before GC invocations=19 (full 0):
 garbage-first heap   total 91136K, used 58024K [0x0000000080000000, 0x0000000100000000)
  region size 1024K, 10 young (10240K), 1 survivors (1024K)
 Metaspace       used 51839K, committed 52544K, reserved 491520K
  class space    used 7360K, committed 7680K, reserved 425984K
}
Event: 21.878 GC heap after
{Heap after GC invocations=20 (full 0):
 garbage-first heap   total 91136K, used 50159K [0x0000000080000000, 0x0000000100000000)
  region size 1024K, 2 young (2048K), 2 survivors (2048K)
 Metaspace       used 51839K, committed 52544K, reserved 491520K
  class space    used 7360K, committed 7680K, reserved 425984K
}
Event: 22.512 GC heap before
{Heap before GC invocations=21 (full 0):
 garbage-first heap   total 99328K, used 78831K [0x0000000080000000, 0x0000000100000000)
  region size 1024K, 27 young (27648K), 2 survivors (2048K)
 Metaspace       used 53699K, committed 54400K, reserved 491520K
  class space    used 7598K, committed 7936K, reserved 425984K
}
Event: 22.517 GC heap after
{Heap after GC invocations=22 (full 0):
 garbage-first heap   total 99328K, used 55249K [0x0000000080000000, 0x0000000100000000)
  region size 1024K, 3 young (3072K), 3 survivors (3072K)
 Metaspace       used 53699K, committed 54400K, reserved 491520K
  class space    used 7598K, committed 7936K, reserved 425984K
}
Event: 23.048 GC heap before
{Heap before GC invocations=22 (full 0):
 garbage-first heap   total 99328K, used 81873K [0x0000000080000000, 0x0000000100000000)
  region size 1024K, 29 young (29696K), 3 survivors (3072K)
 Metaspace       used 56175K, committed 56896K, reserved 491520K
  class space    used 7950K, committed 8320K, reserved 425984K
}
Event: 23.053 GC heap after
{Heap after GC invocations=23 (full 0):
 garbage-first heap   total 99328K, used 56635K [0x0000000080000000, 0x0000000100000000)
  region size 1024K, 3 young (3072K), 3 survivors (3072K)
 Metaspace       used 56175K, committed 56896K, reserved 491520K
  class space    used 7950K, committed 8320K, reserved 425984K
}

