# JRE version: OpenJDK Runtime Environment Microsoft-8902769 (17.0.10+7) (build 17.0.10+7-LTS)
# Java VM: OpenJDK 64-Bit Server VM Microsoft-8902769 (17.0.10+7-LTS, mixed mode, sharing, tiered, compressed oops, compressed class ptrs, g1 gc, windows-amd64)
GC Precious Log:
 CPUs: 4 total, 4 available
 Memory: 8067M
 Large Page Support: Disabled
 NUMA Support: Disabled
 Compressed Oops: Enabled (32-bit)
 Heap Region Size: 1M
 Heap Min Capacity: 8M
 Heap Initial Capacity: 128M
 Heap Max Capacity: 2G
 Pre-touch: Disabled
 Parallel Workers: 4
 Concurrent Workers: 1
 Concurrent Refinement Workers: 4
 Periodic GC: Disabled
Heap:
 garbage-first heap   total 141312K, used 72863K [0x0000000080000000, 0x0000000100000000)
  region size 1024K, 6 young (6144K), 4 survivors (4096K)
 Metaspace       used 70975K, committed 71744K, reserved 491520K
  class space    used 9933K, committed 10304K, reserved 425984K
GC Heap History (20 events):
Event: 21.663 GC heap before
{Heap before GC invocations=18 (full 0):
 garbage-first heap   total 83968K, used 73033K [0x0000000080000000, 0x0000000100000000)
  region size 1024K, 27 young (27648K), 3 survivors (3072K)
 Metaspace       used 55414K, committed 56000K, reserved 491520K
  class space    used 7654K, committed 7936K, reserved 425984K
}
Event: 21.672 GC heap after
{Heap after GC invocations=19 (full 0):
 garbage-first heap   total 83968K, used 52406K [0x0000000080000000, 0x0000000100000000)
  region size 1024K, 4 young (4096K), 4 survivors (4096K)
 Metaspace       used 55414K, committed 56000K, reserved 491520K
  class space    used 7654K, committed 7936K, reserved 425984K
}
Event: 22.121 GC heap before
{Heap before GC invocations=19 (full 0):
 garbage-first heap   total 83968K, used 68790K [0x0000000080000000, 0x0000000100000000)
  region size 1024K, 21 young (21504K), 4 survivors (4096K)
 Metaspace       used 57029K, committed 57728K, reserved 491520K
  class space    used 7923K, committed 8256K, reserved 425984K
}
Event: 22.127 GC heap after
{Heap after GC invocations=20 (full 0):
 garbage-first heap   total 83968K, used 53181K [0x0000000080000000, 0x0000000100000000)
  region size 1024K, 1 young (1024K), 1 survivors (1024K)
 Metaspace       used 57029K, committed 57728K, reserved 491520K
  class space    used 7923K, committed 8256K, reserved 425984K
}
Event: 22.607 GC heap before
{Heap before GC invocations=21 (full 0):
 garbage-first heap   total 96256K, used 65469K [0x0000000080000000, 0x0000000100000000)
  region size 1024K, 15 young (15360K), 1 survivors (1024K)
 Metaspace       used 58268K, committed 58880K, reserved 491520K
  class space    used 8128K, committed 8448K, reserved 425984K
}
Event: 22.612 GC heap after
{Heap after GC invocations=22 (full 0):
 garbage-first heap   total 96256K, used 53681K [0x0000000080000000, 0x0000000100000000)
  region size 1024K, 2 young (2048K), 2 survivors (2048K)
 Metaspace       used 58268K, committed 58880K, reserved 491520K
  class space    used 8128K, committed 8448K, reserved 425984K
}
Event: 23.268 GC heap before
{Heap before GC invocations=23 (full 0):
 garbage-first heap   total 106496K, used 82353K [0x0000000080000000, 0x0000000100000000)
  region size 1024K, 26 young (26624K), 2 survivors (2048K)
 Metaspace       used 60052K, committed 60736K, reserved 491520K
  class space    used 8358K, committed 8704K, reserved 425984K
}
Event: 23.273 GC heap after
{Heap after GC invocations=24 (full 0):
 garbage-first heap   total 106496K, used 58758K [0x0000000080000000, 0x0000000100000000)
  region size 1024K, 3 young (3072K), 3 survivors (3072K)
 Metaspace       used 60052K, committed 60736K, reserved 491520K
  class space    used 8358K, committed 8704K, reserved 425984K
}
Event: 23.847 GC heap before
{Heap before GC invocations=24 (full 0):
 garbage-first heap   total 106496K, used 86406K [0x0000000080000000, 0x0000000100000000)
  region size 1024K, 30 young (30720K), 3 survivors (3072K)
 Metaspace       used 62563K, committed 63232K, reserved 491520K
  class space    used 8711K, committed 9024K, reserved 425984K
}
Event: 23.852 GC heap after
{Heap after GC invocations=25 (full 0):
 garbage-first heap   total 106496K, used 59867K [0x0000000080000000, 0x0000000100000000)
  region size 1024K, 3 young (3072K), 3 survivors (3072K)
 Metaspace       used 62563K, committed 63232K, reserved 491520K
  class space    used 8711K, committed 9024K, reserved 425984K
}
Event: 24.352 GC heap before
{Heap before GC invocations=26 (full 0):
 garbage-first heap   total 109568K, used 87515K [0x0000000080000000, 0x0000000100000000)
  region size 1024K, 31 young (31744K), 3 survivors (3072K)
 Metaspace       used 65025K, committed 65728K, reserved 491520K
  class space    used 9023K, committed 9344K, reserved 425984K
}
Event: 24.357 GC heap after
{Heap after GC invocations=27 (full 0):
 garbage-first heap   total 109568K, used 61330K [0x0000000080000000, 0x0000000100000000)
  region size 1024K, 3 young (3072K), 3 survivors (3072K)
 Metaspace       used 65025K, committed 65728K, reserved 491520K
  class space    used 9023K, committed 9344K, reserved 425984K
}
Event: 24.849 GC heap before
{Heap before GC invocations=27 (full 0):
 garbage-first heap   total 109568K, used 91026K [0x0000000080000000, 0x0000000100000000)
  region size 1024K, 32 young (32768K), 3 survivors (3072K)
 Metaspace       used 66905K, committed 67584K, reserved 491520K
  class space    used 9312K, committed 9664K, reserved 425984K
}
Event: 24.860 GC heap after
{Heap after GC invocations=28 (full 0):
 garbage-first heap   total 109568K, used 63533K [0x0000000080000000, 0x0000000100000000)
  region size 1024K, 4 young (4096K), 4 survivors (4096K)
 Metaspace       used 66905K, committed 67584K, reserved 491520K
  class space    used 9312K, committed 9664K, reserved 425984K
}
Event: 25.605 GC heap before
{Heap before GC invocations=29 (full 0):
 garbage-first heap   total 117760K, used 90157K [0x0000000080000000, 0x0000000100000000)
  region size 1024K, 30 young (30720K), 4 survivors (4096K)
 Metaspace       used 68604K, committed 69376K, reserved 491520K
  class space    used 9570K, committed 9920K, reserved 425984K
}
Event: 25.617 GC heap after
{Heap after GC invocations=30 (full 0):
 garbage-first heap   total 117760K, used 65416K [0x0000000080000000, 0x0000000100000000)
  region size 1024K, 4 young (4096K), 4 survivors (4096K)
 Metaspace       used 68604K, committed 69376K, reserved 491520K
  class space    used 9570K, committed 9920K, reserved 425984K
}
Event: 26.648 GC heap before
{Heap before GC invocations=30 (full 0):
 garbage-first heap   total 117760K, used 96136K [0x0000000080000000, 0x0000000100000000)
  region size 1024K, 35 young (35840K), 4 survivors (4096K)
 Metaspace       used 70821K, committed 71552K, reserved 491520K
  class space    used 9923K, committed 10240K, reserved 425984K
}
Event: 26.661 GC heap after
{Heap after GC invocations=31 (full 0):
 garbage-first heap   total 141312K, used 68436K [0x0000000080000000, 0x0000000100000000)
  region size 1024K, 5 young (5120K), 5 survivors (5120K)
 Metaspace       used 70821K, committed 71552K, reserved 491520K
  class space    used 9923K, committed 10240K, reserved 425984K
}
Event: 27.170 GC heap before
{Heap before GC invocations=32 (full 0):
 garbage-first heap   total 141312K, used 79700K [0x0000000080000000, 0x0000000100000000)
  region size 1024K, 17 young (17408K), 5 survivors (5120K)
 Metaspace       used 70961K, committed 71744K, reserved 491520K
  class space    used 9933K, committed 10304K, reserved 425984K
}
Event: 27.180 GC heap after
{Heap after GC invocations=33 (full 0):
 garbage-first heap   total 141312K, used 68767K [0x0000000080000000, 0x0000000100000000)
  region size 1024K, 4 young (4096K), 4 survivors (4096K)
 Metaspace       used 70961K, committed 71744K, reserved 491520K
  class space    used 9933K, committed 10304K, reserved 425984K
}

