# JRE version: OpenJDK Runtime Environment Microsoft-8902769 (17.0.10+7) (build 17.0.10+7-LTS)
# Java VM: OpenJDK 64-Bit Server VM Microsoft-8902769 (17.0.10+7-LTS, mixed mode, sharing, tiered, compressed oops, compressed class ptrs, g1 gc, windows-amd64)
GC Precious Log:
 CPUs: 4 total, 4 available
 Memory: 8067M
 Large Page Support: Disabled
 NUMA Support: Disabled
 Compressed Oops: Enabled (32-bit)
 Heap Region Size: 1M
 Heap Min Capacity: 8M
 Heap Initial Capacity: 128M
 Heap Max Capacity: 2G
 Pre-touch: Disabled
 Parallel Workers: 4
 Concurrent Workers: 1
 Concurrent Refinement Workers: 4
 Periodic GC: Disabled
Heap:
 garbage-first heap   total 107520K, used 65382K [0x0000000080000000, 0x0000000100000000)
  region size 1024K, 3 young (3072K), 3 survivors (3072K)
 Metaspace       used 64831K, committed 65536K, reserved 491520K
  class space    used 9189K, committed 9536K, reserved 425984K
GC Heap History (20 events):
Event: 33.270 GC heap after
{Heap after GC invocations=19 (full 0):
 garbage-first heap   total 81920K, used 48669K [0x0000000080000000, 0x0000000100000000)
  region size 1024K, 4 young (4096K), 4 survivors (4096K)
 Metaspace       used 49281K, committed 49920K, reserved 491520K
  class space    used 6900K, committed 7168K, reserved 425984K
}
Event: 33.856 GC heap before
{Heap before GC invocations=19 (full 0):
 garbage-first heap   total 81920K, used 68125K [0x0000000080000000, 0x0000000100000000)
  region size 1024K, 23 young (23552K), 4 survivors (4096K)
 Metaspace       used 51123K, committed 51776K, reserved 491520K
  class space    used 7203K, committed 7488K, reserved 425984K
}
Event: 33.864 GC heap after
{Heap after GC invocations=20 (full 0):
 garbage-first heap   total 81920K, used 49753K [0x0000000080000000, 0x0000000100000000)
  region size 1024K, 2 young (2048K), 2 survivors (2048K)
 Metaspace       used 51123K, committed 51776K, reserved 491520K
  class space    used 7203K, committed 7488K, reserved 425984K
}
Event: 34.105 GC heap before
{Heap before GC invocations=21 (full 0):
 garbage-first heap   total 92160K, used 56921K [0x0000000080000000, 0x0000000100000000)
  region size 1024K, 11 young (11264K), 2 survivors (2048K)
 Metaspace       used 51917K, committed 52608K, reserved 491520K
  class space    used 7345K, committed 7680K, reserved 425984K
}
Event: 34.109 GC heap after
{Heap after GC invocations=22 (full 0):
 garbage-first heap   total 92160K, used 50047K [0x0000000080000000, 0x0000000100000000)
  region size 1024K, 2 young (2048K), 2 survivors (2048K)
 Metaspace       used 51917K, committed 52608K, reserved 491520K
  class space    used 7345K, committed 7680K, reserved 425984K
}
Event: 34.713 GC heap before
{Heap before GC invocations=23 (full 0):
 garbage-first heap   total 97280K, used 78719K [0x0000000080000000, 0x0000000100000000)
  region size 1024K, 26 young (26624K), 2 survivors (2048K)
 Metaspace       used 53653K, committed 54336K, reserved 491520K
  class space    used 7573K, committed 7872K, reserved 425984K
}
Event: 34.718 GC heap after
{Heap after GC invocations=24 (full 0):
 garbage-first heap   total 97280K, used 55086K [0x0000000080000000, 0x0000000100000000)
  region size 1024K, 3 young (3072K), 3 survivors (3072K)
 Metaspace       used 53653K, committed 54336K, reserved 491520K
  class space    used 7573K, committed 7872K, reserved 425984K
}
Event: 35.343 GC heap before
{Heap before GC invocations=24 (full 0):
 garbage-first heap   total 97280K, used 78638K [0x0000000080000000, 0x0000000100000000)
  region size 1024K, 27 young (27648K), 3 survivors (3072K)
 Metaspace       used 55727K, committed 56384K, reserved 491520K
  class space    used 7874K, committed 8192K, reserved 425984K
}
Event: 35.348 GC heap after
{Heap after GC invocations=25 (full 0):
 garbage-first heap   total 97280K, used 56174K [0x0000000080000000, 0x0000000100000000)
  region size 1024K, 3 young (3072K), 3 survivors (3072K)
 Metaspace       used 55727K, committed 56384K, reserved 491520K
  class space    used 7874K, committed 8192K, reserved 425984K
}
Event: 35.961 GC heap before
{Heap before GC invocations=26 (full 0):
 garbage-first heap   total 102400K, used 78702K [0x0000000080000000, 0x0000000100000000)
  region size 1024K, 26 young (26624K), 3 survivors (3072K)
 Metaspace       used 58380K, committed 59072K, reserved 491520K
  class space    used 8206K, committed 8512K, reserved 425984K
}
Event: 35.968 GC heap after
{Heap after GC invocations=27 (full 0):
 garbage-first heap   total 102400K, used 57747K [0x0000000080000000, 0x0000000100000000)
  region size 1024K, 3 young (3072K), 3 survivors (3072K)
 Metaspace       used 58380K, committed 59072K, reserved 491520K
  class space    used 8206K, committed 8512K, reserved 425984K
}
Event: 36.692 GC heap before
{Heap before GC invocations=27 (full 0):
 garbage-first heap   total 102400K, used 83347K [0x0000000080000000, 0x0000000100000000)
  region size 1024K, 29 young (29696K), 3 survivors (3072K)
 Metaspace       used 59892K, committed 60608K, reserved 491520K
  class space    used 8433K, committed 8768K, reserved 425984K
}
Event: 36.699 GC heap after
{Heap after GC invocations=28 (full 0):
 garbage-first heap   total 102400K, used 59216K [0x0000000080000000, 0x0000000100000000)
  region size 1024K, 3 young (3072K), 3 survivors (3072K)
 Metaspace       used 59892K, committed 60608K, reserved 491520K
  class space    used 8433K, committed 8768K, reserved 425984K
}
Event: 37.615 GC heap before
{Heap before GC invocations=29 (full 0):
 garbage-first heap   total 104448K, used 83792K [0x0000000080000000, 0x0000000100000000)
  region size 1024K, 27 young (27648K), 3 survivors (3072K)
 Metaspace       used 61570K, committed 62208K, reserved 491520K
  class space    used 8703K, committed 9024K, reserved 425984K
}
Event: 37.622 GC heap after
{Heap after GC invocations=30 (full 0):
 garbage-first heap   total 104448K, used 60501K [0x0000000080000000, 0x0000000100000000)
  region size 1024K, 3 young (3072K), 3 survivors (3072K)
 Metaspace       used 61570K, committed 62208K, reserved 491520K
  class space    used 8703K, committed 9024K, reserved 425984K
}
Event: 38.809 GC heap before
{Heap before GC invocations=30 (full 0):
 garbage-first heap   total 104448K, used 86101K [0x0000000080000000, 0x0000000100000000)
  region size 1024K, 28 young (28672K), 3 survivors (3072K)
 Metaspace       used 63140K, committed 63808K, reserved 491520K
  class space    used 8918K, committed 9216K, reserved 425984K
}
Event: 38.820 GC heap after
{Heap after GC invocations=31 (full 0):
 garbage-first heap   total 104448K, used 63176K [0x0000000080000000, 0x0000000100000000)
  region size 1024K, 4 young (4096K), 4 survivors (4096K)
 Metaspace       used 63140K, committed 63808K, reserved 491520K
  class space    used 8918K, committed 9216K, reserved 425984K
}
Event: 40.050 GC heap before
{Heap before GC invocations=32 (full 0):
 garbage-first heap   total 107520K, used 85704K [0x0000000080000000, 0x0000000100000000)
  region size 1024K, 27 young (27648K), 4 survivors (4096K)
 Metaspace       used 64723K, committed 65408K, reserved 491520K
  class space    used 9181K, committed 9472K, reserved 425984K
}
Event: 40.061 GC heap after
{Heap after GC invocations=33 (full 0):
 garbage-first heap   total 107520K, used 65058K [0x0000000080000000, 0x0000000100000000)
  region size 1024K, 2 young (2048K), 2 survivors (2048K)
 Metaspace       used 64723K, committed 65408K, reserved 491520K
  class space    used 9181K, committed 9472K, reserved 425984K
}
Event: 40.400 GC heap before
{Heap before GC invocations=33 (full 0):
 garbage-first heap   total 107520K, used 73250K [0x0000000080000000, 0x0000000100000000)
  region size 1024K, 11 young (11264K), 2 survivors (2048K)
 Metaspace       used 64831K, committed 65536K, reserved 491520K
  class space    used 9189K, committed 9536K, reserved 425984K
}

